<?xml version="1.0" encoding="UTF-8"?>
<!-- Generated by org.testng.reporters.JUnitReportReporter -->
<testsuite hostname="DESKTOP-SOTS4KS" failures="0" tests="1" name="project2_test.TestCase6" time="27.869" errors="0" timestamp="2024-09-23T11:33:47 IST" skipped="0">
  <testcase classname="project2_test.TestCase6" name="senior_citizen" time="27.869"/>
</testsuite> <!-- project2_test.TestCase6 -->
