<?xml version="1.0" encoding="UTF-8"?>
<!-- Generated by org.testng.reporters.JUnitReportReporter -->
<testsuite hostname="DESKTOP-SOTS4KS" failures="0" tests="1" name="project2_test.TestCase4" time="36.208" errors="0" timestamp="2024-09-23T17:11:50 IST" skipped="0">
  <testcase classname="project2_test.TestCase4" name="one_way_flight" time="36.208"/>
  <system-out>
    <![CDATA[Test case is pass]]>
  </system-out>
</testsuite> <!-- project2_test.TestCase4 -->
