<?xml version="1.0" encoding="UTF-8"?>
<!-- Generated by org.testng.reporters.JUnitReportReporter -->
<testsuite hostname="DESKTOP-SOTS4KS" failures="0" tests="1" name="project2_test.TestCase8" time="40.619" errors="0" timestamp="2024-09-23T11:36:33 IST" skipped="0">
  <testcase classname="project2_test.TestCase8" name="additional_Details" time="40.619"/>
</testsuite> <!-- project2_test.TestCase8 -->
