<?xml version="1.0" encoding="UTF-8"?>
<!-- Generated by org.testng.reporters.JUnitReportReporter -->
<testsuite hostname="DESKTOP-SOTS4KS" failures="0" tests="1" name="project2_test.TestCase11" time="23.310" errors="0" timestamp="2024-09-23T11:33:47 IST" skipped="0">
  <testcase classname="project2_test.TestCase11" name="passenger_info" time="23.310"/>
</testsuite> <!-- project2_test.TestCase11 -->
