<?xml version="1.0" encoding="UTF-8"?>
<!-- Generated by org.testng.reporters.JUnitReportReporter -->
<testsuite hostname="DESKTOP-SOTS4KS" failures="0" tests="1" name="project2_test.TestCase13" time="49.557" errors="0" timestamp="2024-09-23T11:43:25 IST" skipped="0">
  <testcase classname="project2_test.TestCase13" name="Coupon_Code" time="49.557"/>
</testsuite> <!-- project2_test.TestCase13 -->
