<?xml version="1.0" encoding="UTF-8"?>
<!-- Generated by org.testng.reporters.JUnitReportReporter -->
<testsuite hostname="DESKTOP-SOTS4KS" failures="0" tests="1" name="project2_test.TestCase10" time="29.509" errors="0" timestamp="2024-09-23T17:47:01 IST" skipped="0">
  <testcase classname="project2_test.TestCase10" name="Flight_Details" time="29.509"/>
  <system-out>
    <![CDATA[Test case is pass]]>
  </system-out>
</testsuite> <!-- project2_test.TestCase10 -->
