<?xml version="1.0" encoding="UTF-8"?>
<!-- Generated by org.testng.reporters.JUnitReportReporter -->
<testsuite hostname="DESKTOP-SOTS4KS" failures="0" tests="2" name="project2_test.TestCase1" time="101.286" errors="0" timestamp="2024-09-23T18:07:28 IST" skipped="1">
  <testcase classname="project2_test.TestCase1" name="SignUp" time="46.605">
    <system-out>
      <![CDATA[Test case is pass]]>
    </system-out>
  </testcase> <!-- SignUp -->
  <testcase classname="project2_test.TestCase1" name="SignUp" time="54.681">
    <skipped/>
  </testcase> <!-- SignUp -->
  <system-out>
    <![CDATA[Test case is pass
Test case is pass
Test case is pass
Test case is pass
Test case is pass
Test case is pass
Test case is pass
Test case is pass
Test case is pass
Test case is pass
Test case is pass
Test case is pass
Test case is pass
Test case is pass]]>
  </system-out>
</testsuite> <!-- project2_test.TestCase1 -->
